app/build/outputs/mapping/release/seeds.txt
com.alf.preciosaspromessas.FavoriteItemActivity
com.alf.preciosaspromessas.MainActivity
com.alf.preciosaspromessas.FavoriteListActivity: FavoriteListActivity()
com.alf.preciosaspromessas.SplashActivity
com.alf.preciosaspromessas.MainActivity: MainActivity()
com.alf.preciosaspromessas.SplashActivity: SplashActivity()
com.alf.preciosaspromessas.FavoriteItemActivity: FavoriteItemActivity()
com.alf.preciosaspromessas.FavoriteListActivity
...
com.google.android.material.chip.Chip: android.content.res.ColorStateList getRippleColor()
androidx.activity.ComponentActivity$2
com.google.android.gms.internal.ads.zzug$zzc: com.google.android.gms.internal.ads.zzemx zzek
com.google.android.gms.internal.ads.zzug$zzf: int zzdv
com.google.android.material.transformation.TransformationChildLayout
androidx.appcompat.view.menu.ActionMenuItemView: androidx.appcompat.view.menu.MenuItemImpl getItemData()
com.google.android.material.floatingactionbutton.FloatingActionButton$BaseBehavior: FloatingActionButton$BaseBehavior()
com.google.android.gms.internal.ads.zzcf$zza: long zzgq
com.google.android.gms.dynamite.descriptors.com.google.android.gms.ads.dynamite.ModuleDescriptor: int MODULE_VERSION
androidx.appcompat.widget.ActionMenuView: void setOnMenuItemClickListener(androidx.appcompat.widget.ActionMenuView$OnMenuItemClickListener)
com.google.android.material.card.MaterialCardView: void setCheckedIconSize(int)
com.google.android.material.appbar.AppBarLayout$BaseBehavior: AppBarLayout$BaseBehavior(android.content.Context,android.util.AttributeSet)
com.google.android.material.button.MaterialButton: android.content.res.ColorStateList getSupportBackgroundTintList()
com.google.android.gms.internal.ads.zzug$zzz: com.google.android.gms.internal.ads.zzug$zzx zzcgh
com.google.android.gms.internal.measurement.zzcd: int zze
com.google.android.material.card.MaterialCardView: int getContentPaddingLeft()
com.google.android.material.textfield.TextInputLayout: int getBaseline()
androidx.appcompat.widget.AppCompatSpinner: int getDropDownHorizontalOffset()
com.google.android.gms.internal.ads.zzepa$zzb$zzd: byte zzixq
com.google.android.material.appbar.HeaderBehavior: HeaderBehavior()
com.google.android.gms.internal.ads.zzcf$zza: java.lang.String zzfg
com.google.android.material.chip.Chip: void setChipStrokeColorResource(int)
com.google.ads.mediation.AbstractAdViewAdapter: void showInterstitial()
androidx.cardview.widget.CardView: boolean getUseCompatPadding()
com.google.android.material.timepicker.TimeModel: android.os.Parcelable$Creator CREATOR
com.google.android.material.textfield.TextInputLayout: void setPasswordVisibilityToggleEnabled(boolean)
com.google.android.material.floatingactionbutton.ExtendedFloatingActionButton: int getCollapsedSize()
com.google.android.gms.ads.formats.UnifiedNativeAdView: android.view.View getIconView()
com.google.android.material.appbar.HeaderScrollingViewBehavior: HeaderScrollingViewBehavior(android.content.Context,android.util.AttributeSet)
com.google.android.gms.internal.ads.zzdtt: java.lang.String zzhti
com.google.android.material.textfield.TextInputLayout: void setStartIconCheckable(boolean)
com.google.android.material.chip.Chip: void setCheckedIconResource(int)
androidx.vectordrawable.graphics.drawable.VectorDrawableCompat$VectorDrawableDelegateState
com.google.android.gms.internal.ads.zzug$zzh: com.google.android.gms.internal.ads.zzug$zzh zzcbu
com.google.android.gms.internal.ads.zzug$zzi: com.google.android.gms.internal.ads.zzug$zzi zzccq
androidx.work.ListenableWorker: boolean isStopped()
com.google.android.gms.ads.doubleclick.PublisherAdView: void setAdListener(com.google.android.gms.ads.AdListener)
com.google.android.material.floatingactionbutton.FloatingActionButton: com.google.android.material.animation.MotionSpec getHideMotionSpec()
com.google.android.gms.internal.ads.zzcf$zzb: int zzlb
com.google.android.material.floatingactionbutton.FloatingActionButton: void setSize(int)
com.google.android.gms.internal.measurement.zzdo: com.google.android.gms.internal.measurement.zzhz zzf
com.google.android.gms.internal.ads.zzbbr: int getDuration()
com.google.android.material.chip.Chip: void setCloseIconSize(float)
androidx.coordinatorlayout.widget.CoordinatorLayout: android.graphics.drawable.Drawable getStatusBarBackground()