app/build/outputs/mapping/release/usage.txt
com.alf.preciosaspromessas.R
com.alf.preciosaspromessas.utils.ListHelper:
    public com.alf.preciosaspromessas.utils.Verse getVerse(int)
    private static final java.lang.String TABLE_VERSES
    private static final java.lang.String COLUMN_ID
    private static final java.lang.String COLUMN_VERSE
    private static final java.lang.String DB_NAME
    private static final int DB_VERSION
    private static final java.lang.String DB_CREATE
com.alf.preciosaspromessas.R$interpolator
com.alf.preciosaspromessas.R$array
com.alf.preciosaspromessas.R$style
com.alf.preciosaspromessas.R$layout
com.alf.preciosaspromessas.R$anim
com.alf.preciosaspromessas.R$xml
com.alf.preciosaspromessas.R$font
com.alf.preciosaspromessas.utils.SharedPrefs:
    private void <init>()
    public static int getConsentPrefsInt(android.content.Context,java.lang.String)
    public static void setConsentPrefs(android.content.Context,java.lang.String,int)
    public static void clearPrefs(android.content.Context)
    private static final java.lang.String SESSION_PREFS
com.alf.preciosaspromessas.R$id
com.alf.preciosaspromessas.BuildConfig
com.alf.preciosaspromessas.R$string
com.alf.preciosaspromessas.R$mipmap
com.alf.preciosaspromessas.SplashActivity:
    private static final java.lang.String TAG
com.alf.preciosaspromessas.R$plurals
com.alf.preciosaspromessas.R$bool
com.alf.preciosaspromessas.R$dimen
com.alf.preciosaspromessas.R$integer
com.alf.preciosaspromessas.R$animator
com.alf.preciosaspromessas.R$color
com.alf.preciosaspromessas.R$attr
com.alf.preciosaspromessas.MainActivity:
    public static final java.lang.String SOUND_PREFS
com.alf.preciosaspromessas.R$drawable
com.alf.preciosaspromessas.R$styleable
com.alf.preciosaspromessas.R$raw
com.alf.preciosaspromessas.utils.ListHelper:
    public void addVerse(com.alf.preciosaspromessas.utils.Verse)
    public java.util.List getAllVerses()
    public int getVersesCount()
    public static final synthetic boolean $assertionsDisabled
com.alf.preciosaspromessas.utils.Verse:
    public int getId()
    public java.lang.String getVerse()
    public void setId(int)
    public void setVerse(java.lang.String)
com.alf.preciosaspromessas.FavoriteListActivity:
    public final void initViews()
    public final void initRecyclerView()
    public final void initAdViewContainer()
    public final void loadBanner()
    public final com.google.android.gms.ads.AdSize getAdSize()
com.alf.preciosaspromessas.SplashActivity$4:
    public final synthetic com.alf.preciosaspromessas.SplashActivity this$0
com.alf.preciosaspromessas.SplashActivity$2:
    public void onConsentInfoUpdateFailure(com.google.android.ump.FormError)
com.alf.preciosaspromessas.utils.SharedPrefs
com.alf.preciosaspromessas.utils.ListAdapter:
    private void lambda$onBindViewHolder$2(com.alf.preciosaspromessas.utils.ListAdapter$ListViewHolder,int,android.view.View)
    private void lambda$null$1(android.animation.Animator,com.alf.preciosaspromessas.utils.ListAdapter$ListViewHolder)
    private synthetic void lambda$onBindViewHolder$0(java.lang.String,android.view.View)
    public com.alf.preciosaspromessas.utils.ListAdapter$ListViewHolder onCreateViewHolder(android.view.ViewGroup)
    public void onBindViewHolder(com.alf.preciosaspromessas.utils.ListAdapter$ListViewHolder,int)
    public void lambda$onBindViewHolder$2$ListAdapter(com.alf.preciosaspromessas.utils.ListAdapter$ListViewHolder,int,android.view.View)
    public synthetic void lambda$onBindViewHolder$0$ListAdapter(java.lang.String,android.view.View)
    public void lambda$null$1$ListAdapter(android.animation.Animator,com.alf.preciosaspromessas.utils.ListAdapter$ListViewHolder)
com.alf.preciosaspromessas.SplashActivity$1:
    public void onConsentInfoUpdateSuccess()
    public final synthetic int val$NOT_REQUIRED
    public final synthetic int val$OBTAINED
...
androidx.transition.Slide$CalculateSlideVertical
androidx.core.hardware.fingerprint.FingerprintManagerCompat
androidx.lifecycle.livedata.R
com.google.android.gms.internal.measurement.zzdy:
    private void <init>()
androidx.constraintlayout.widget.ConstraintAttribute:
    public void <init>(java.lang.String,androidx.constraintlayout.widget.ConstraintAttribute$AttributeType)
    public void setFloatValue(float)
    public void setColorValue(int)
    public void setIntValue(int)
    public void setStringValue(java.lang.String)
    public void setValue(float[])
    public boolean diff(androidx.constraintlayout.widget.ConstraintAttribute)
    private static final java.lang.String TAG
com.google.android.gms.internal.ads.zzarb
androidx.fragment.app.BackStackRecord:
    public int getId()
    public int getBreadCrumbTitleRes()
    public int getBreadCrumbShortTitleRes()
    public java.lang.CharSequence getBreadCrumbTitle()
    public java.lang.CharSequence getBreadCrumbShortTitle()
    void doAddOp(int,androidx.fragment.app.Fragment,java.lang.String,int)
    public androidx.fragment.app.FragmentTransaction remove(androidx.fragment.app.Fragment)
    public androidx.fragment.app.FragmentTransaction hide(androidx.fragment.app.Fragment)
    public androidx.fragment.app.FragmentTransaction show(androidx.fragment.app.Fragment)
    public androidx.fragment.app.FragmentTransaction detach(androidx.fragment.app.Fragment)
    public androidx.fragment.app.FragmentTransaction setPrimaryNavigationFragment(androidx.fragment.app.Fragment)
    public androidx.fragment.app.FragmentTransaction setMaxLifecycle(androidx.fragment.app.Fragment,androidx.lifecycle.Lifecycle$State)
    public int commit()
    public int commitAllowingStateLoss()
    public void commitNow()
    public void commitNowAllowingStateLoss()
    int commitInternal(boolean)
    public boolean isEmpty()
    static final java.lang.String TAG
com.google.android.gms.internal.ads.zzafp:
    public final java.lang.String zzct(java.lang.String)
    public final com.google.android.gms.internal.ads.zzaer zzcu(java.lang.String)
    public final java.util.List getAvailableAssetNames()
    public final void performClick(java.lang.String)
    public final void recordImpression()
    public final com.google.android.gms.internal.ads.zzzc getVideoController()
    public final void destroy()
    public final com.google.android.gms.dynamic.IObjectWrapper zztm()
    public final boolean zzts()
    public final boolean zztt()
    public final void zzq(com.google.android.gms.dynamic.IObjectWrapper)
    public final void zztu()
com.google.android.material.internal.NavigationSubMenu
com.google.android.gms.common.util.JsonUtils
com.google.firebase.dynamicloading.ComponentLoader:
    public abstract void discoverComponents()
com.google.android.gms.internal.measurement.zzbs:
    static void <clinit>()
    static final synthetic int[] zza
com.google.firebase.installations.FirebaseInstallations$$Lambda$2